Using pre-set license
Built from '2020.3/staging' branch; Version is '2020.3.24f1 (79c78de19888) revision 7980941'; Using compiler version '192528614'; Build Type 'Release'
OS: 'Windows 10  (10.0.17763) 64bit Professional' Language: 'en' Physical Memory: 8062 MB
BatchMode: 1, IsHumanControllingUs: 0, StartBugReporterOnCrash: 0, Is64bit: 1, IsPro: 0

COMMAND LINE ARGUMENTS:
C:\Program Files\Unity\Hub\Editor\2020.3.24f1\Editor\Unity.exe
-adb2
-batchMode
-noUpm
-name
AssetImportWorker0
-projectPath
C:/Users/mka/Documents/GitHub/Phonkhead
-logFile
Logs/AssetImportWorker0.log
-srvPort
52385
Successfully changed project path to: C:/Users/mka/Documents/GitHub/Phonkhead
C:/Users/mka/Documents/GitHub/Phonkhead
Using Asset Import Pipeline V2.
Refreshing native plugins compatible for Editor in 150.53 ms, found 2 plugins.
Preloading 0 native plugins for Editor in 0.00 ms.
Initialize engine version: 2020.3.24f1 (79c78de19888)
[Subsystems] Discovering subsystems at path C:/Program Files/Unity/Hub/Editor/2020.3.24f1/Editor/Data/Resources/UnitySubsystems
[Subsystems] Discovering subsystems at path C:/Users/mka/Documents/GitHub/Phonkhead/Assets
GfxDevice: creating device client; threaded=0
Direct3D:
    Version:  Direct3D 11.0 [level 10.1]
    Renderer: Intel(R) HD Graphics (ID=0x102)
    Vendor:   
    VRAM:     128 MB
    Driver:   9.17.10.4459
Invalid texture used for cursor - check importer settings or texture creation. Texture must be RGBA32, readable, have alphaIsTransparency enabled and have no mip chain.
Initialize mono
Mono path[0] = 'C:/Program Files/Unity/Hub/Editor/2020.3.24f1/Editor/Data/Managed'
Mono path[1] = 'C:/Program Files/Unity/Hub/Editor/2020.3.24f1/Editor/Data/MonoBleedingEdge/lib/mono/unityjit'
Mono config path = 'C:/Program Files/Unity/Hub/Editor/2020.3.24f1/Editor/Data/MonoBleedingEdge/etc'
Using monoOptions --debugger-agent=transport=dt_socket,embedding=1,server=y,suspend=n,address=127.0.0.1:56300
Begin MonoManager ReloadAssembly
Registering precompiled unity dll's ...
Register platform support module: C:/Program Files/Unity/Hub/Editor/2020.3.24f1/Editor/Data/PlaybackEngines/WindowsStandaloneSupport/UnityEditor.WindowsStandalone.Extensions.dll
Registered in 0.002987 seconds.
Native extension for WindowsStandalone target not found
Refreshing native plugins compatible for Editor in 134.51 ms, found 2 plugins.
Preloading 0 native plugins for Editor in 0.00 ms.
Mono: successfully reloaded assembly
- Completed reload, in  0.948 seconds
Domain Reload Profiling:
	ReloadAssembly (948ms)
		BeginReloadAssembly (82ms)
			ExecutionOrderSort (0ms)
			DisableScriptedObjects (0ms)
			BackupInstance (0ms)
			ReleaseScriptingObjects (0ms)
			CreateAndSetChildDomain (1ms)
		EndReloadAssembly (758ms)
			LoadAssemblies (78ms)
			RebuildTransferFunctionScriptingTraits (0ms)
			SetupTypeCache (224ms)
			ReleaseScriptCaches (0ms)
			RebuildScriptCaches (46ms)
			SetupLoadedEditorAssemblies (325ms)
				LogAssemblyErrors (0ms)
				InitializePlatformSupportModulesInManaged (7ms)
				SetLoadedEditorAssemblies (0ms)
				RefreshPlugins (135ms)
				BeforeProcessingInitializeOnLoad (12ms)
				ProcessInitializeOnLoadAttributes (127ms)
				ProcessInitializeOnLoadMethodAttributes (44ms)
				AfterProcessingInitializeOnLoad (0ms)
				EditorAssembliesLoaded (0ms)
			ExecutionOrderSort2 (0ms)
			AwakeInstancesAfterBackupRestoration (0ms)
Platform modules already initialized, skipping
Registering precompiled user dll's ...
Registered in 0.016187 seconds.
Begin MonoManager ReloadAssembly
Native extension for WindowsStandalone target not found
Refreshing native plugins compatible for Editor in 145.04 ms, found 2 plugins.
Preloading 0 native plugins for Editor in 0.00 ms.
Mono: successfully reloaded assembly
- Completed reload, in  1.989 seconds
Domain Reload Profiling:
	ReloadAssembly (1990ms)
		BeginReloadAssembly (216ms)
			ExecutionOrderSort (0ms)
			DisableScriptedObjects (7ms)
			BackupInstance (0ms)
			ReleaseScriptingObjects (0ms)
			CreateAndSetChildDomain (24ms)
		EndReloadAssembly (1678ms)
			LoadAssemblies (159ms)
			RebuildTransferFunctionScriptingTraits (0ms)
			SetupTypeCache (519ms)
			ReleaseScriptCaches (1ms)
			RebuildScriptCaches (96ms)
			SetupLoadedEditorAssemblies (699ms)
				LogAssemblyErrors (0ms)
				InitializePlatformSupportModulesInManaged (6ms)
				SetLoadedEditorAssemblies (0ms)
				RefreshPlugins (145ms)
				BeforeProcessingInitializeOnLoad (141ms)
				ProcessInitializeOnLoadAttributes (329ms)
				ProcessInitializeOnLoadMethodAttributes (67ms)
				AfterProcessingInitializeOnLoad (11ms)
				EditorAssembliesLoaded (0ms)
			ExecutionOrderSort2 (0ms)
			AwakeInstancesAfterBackupRestoration (10ms)
Platform modules already initialized, skipping
========================================================================
Worker process is ready to serve import requests
Launched and connected shader compiler UnityShaderCompiler.exe after 2.25 seconds
Refreshing native plugins compatible for Editor in 1.38 ms, found 2 plugins.
Preloading 0 native plugins for Editor in 0.00 ms.
Unloading 3817 Unused Serialized files (Serialized files now loaded: 0)
System memory in use before: 160.6 MB.
System memory in use after: 160.9 MB.

Unloading 64 unused Assets to reduce memory usage. Loaded Objects now: 4230.
Total: 8.532500 ms (FindLiveObjects: 0.342000 ms CreateObjectMapping: 0.158400 ms MarkObjects: 7.967300 ms  DeleteObjects: 0.062900 ms)

AssetImportParameters requested are different than current active one (requested -> active):
  custom:framework-win-MediaFoundation: 216162199b28c13a410421893ffa2e32 -> 
  custom:video-decoder-ogg-theora: a1e56fd34408186e4bbccfd4996cb3dc -> 
  custom:container-muxer-webm: aa71ff27fc2769a1b78a27578f13a17b -> 
  custom:container-demuxer-webm: 4f35f7cbe854078d1ac9338744f61a02 -> 
  custom:container-demuxer-ogg: 62fdf1f143b41e24485cea50d1cbac27 -> 
  custom:video-encoder-webm-vp8: eb34c28f22e8b96e1ab97ce403110664 -> 
  custom:video-decoder-webm-vp8: 9c59270c3fd7afecdb556c50c9e8de78 -> 
  custom:audio-decoder-ogg-vorbis: bf7c407c2cedff20999df2af8eb42d56 -> 
  custom:audio-encoder-webm-vorbis: bf7c407c2cedff20999df2af8eb42d56 -> 
========================================================================
Received Import Request.
  path: Assets/hearts-load-hearts.gif
  artifactKey: Guid(fcec493a3adf64140bdb4b9d6d74b016) Importer(815301076,1909f56bfc062723c751e8b465ee728b)
Start importing Assets/hearts-load-hearts.gif using Guid(fcec493a3adf64140bdb4b9d6d74b016) Importer(815301076,1909f56bfc062723c751e8b465ee728b)  -> (artifact id: '3e78af6efad5b6761aec1f0aca4c922d') in 0.679160 seconds 
  Import took 0.690143 seconds .

========================================================================
Received Import Request.
  Time since last request: 0.006792 seconds.
  path: Assets/UniversalRenderPipelineGlobalSettings.asset
  artifactKey: Guid(65254c3b6bb16dd458046dd0765a07ab) Importer(815301076,1909f56bfc062723c751e8b465ee728b)
Start importing Assets/UniversalRenderPipelineGlobalSettings.asset using Guid(65254c3b6bb16dd458046dd0765a07ab) Importer(815301076,1909f56bfc062723c751e8b465ee728b)  -> (artifact id: '53ddcafbce3b447bb1491e44e5f915fe') in 0.022737 seconds 
  Import took 0.034451 seconds .

========================================================================
Received Import Request.
  Time since last request: 0.000268 seconds.
  path: Assets/Scripts
  artifactKey: Guid(f6c93b6a9253a7645aeca27d64894902) Importer(815301076,1909f56bfc062723c751e8b465ee728b)
Start importing Assets/Scripts using Guid(f6c93b6a9253a7645aeca27d64894902) Importer(815301076,1909f56bfc062723c751e8b465ee728b)  -> (artifact id: '5acf3a71f2c59b59e108284e82309a08') in 0.009791 seconds 
  Import took 0.017474 seconds .

========================================================================
Received Import Request.
  Time since last request: 0.000212 seconds.
  path: Assets/2d renderer.asset
  artifactKey: Guid(f96fd1e0b002e4548a20721ff35840e7) Importer(815301076,1909f56bfc062723c751e8b465ee728b)
Start importing Assets/2d renderer.asset using Guid(f96fd1e0b002e4548a20721ff35840e7) Importer(815301076,1909f56bfc062723c751e8b465ee728b)  -> (artifact id: '782e72568395c03c40995a207a9bfa63') in 0.024311 seconds 
  Import took 0.033064 seconds .

========================================================================
Received Import Request.
  Time since last request: 0.000320 seconds.
  path: Assets/Renderer.asset
  artifactKey: Guid(56524d51e167f324bbb176033a3870c0) Importer(815301076,1909f56bfc062723c751e8b465ee728b)
Start importing Assets/Renderer.asset using Guid(56524d51e167f324bbb176033a3870c0) Importer(815301076,1909f56bfc062723c751e8b465ee728b)  -> (artifact id: '0197b31a6efdb091b27bff27cd61227a') in 0.011521 seconds 
  Import took 0.020310 seconds .

========================================================================
Received Import Request.
  Time since last request: 0.049040 seconds.
  path: Assets/Scenes
  artifactKey: Guid(fd4f4c41308085a4eb49246e1b358da1) Importer(815301076,1909f56bfc062723c751e8b465ee728b)
Start importing Assets/Scenes using Guid(fd4f4c41308085a4eb49246e1b358da1) Importer(815301076,1909f56bfc062723c751e8b465ee728b)  -> (artifact id: '07f32b861ee02f33928b7bec2cd51afb') in 0.010612 seconds 
  Import took 0.019513 seconds .

========================================================================
Received Import Request.
  Time since last request: 6.171418 seconds.
  path: Assets/Scenes/Game.unity
  artifactKey: Guid(841b8b366b122de4092a0dec8aefc3a3) Importer(815301076,1909f56bfc062723c751e8b465ee728b)
Start importing Assets/Scenes/Game.unity using Guid(841b8b366b122de4092a0dec8aefc3a3) Importer(815301076,1909f56bfc062723c751e8b465ee728b)  -> (artifact id: '99f187ddfd36fd8750b00844d153c9c9') in 0.012276 seconds 
  Import took 0.019957 seconds .

========================================================================
Received Prepare
Registering precompiled user dll's ...
Registered in 0.014921 seconds.
Begin MonoManager ReloadAssembly
Native extension for WindowsStandalone target not found
Refreshing native plugins compatible for Editor in 1.75 ms, found 2 plugins.
Preloading 0 native plugins for Editor in 0.00 ms.
Mono: successfully reloaded assembly
- Completed reload, in  2.211 seconds
Domain Reload Profiling:
	ReloadAssembly (2212ms)
		BeginReloadAssembly (216ms)
			ExecutionOrderSort (0ms)
			DisableScriptedObjects (13ms)
			BackupInstance (0ms)
			ReleaseScriptingObjects (0ms)
			CreateAndSetChildDomain (66ms)
		EndReloadAssembly (1869ms)
			LoadAssemblies (204ms)
			RebuildTransferFunctionScriptingTraits (0ms)
			SetupTypeCache (611ms)
			ReleaseScriptCaches (3ms)
			RebuildScriptCaches (117ms)
			SetupLoadedEditorAssemblies (730ms)
				LogAssemblyErrors (0ms)
				InitializePlatformSupportModulesInManaged (7ms)
				SetLoadedEditorAssemblies (1ms)
				RefreshPlugins (2ms)
				BeforeProcessingInitializeOnLoad (180ms)
				ProcessInitializeOnLoadAttributes (447ms)
				ProcessInitializeOnLoadMethodAttributes (79ms)
				AfterProcessingInitializeOnLoad (15ms)
				EditorAssembliesLoaded (0ms)
			ExecutionOrderSort2 (0ms)
			AwakeInstancesAfterBackupRestoration (20ms)
Platform modules already initialized, skipping
Refreshing native plugins compatible for Editor in 2.24 ms, found 2 plugins.
Preloading 0 native plugins for Editor in 0.00 ms.
Unloading 3680 Unused Serialized files (Serialized files now loaded: 0)
System memory in use before: 153.7 MB.
System memory in use after: 153.9 MB.

Unloading 56 unused Assets to reduce memory usage. Loaded Objects now: 4240.
Total: 10.854500 ms (FindLiveObjects: 0.477500 ms CreateObjectMapping: 0.248700 ms MarkObjects: 10.066000 ms  DeleteObjects: 0.060000 ms)

AssetImportParameters requested are different than current active one (requested -> active):
  custom:framework-win-MediaFoundation: 216162199b28c13a410421893ffa2e32 -> 
  custom:video-decoder-ogg-theora: a1e56fd34408186e4bbccfd4996cb3dc -> 
  custom:container-muxer-webm: aa71ff27fc2769a1b78a27578f13a17b -> 
  custom:container-demuxer-webm: 4f35f7cbe854078d1ac9338744f61a02 -> 
  custom:container-demuxer-ogg: 62fdf1f143b41e24485cea50d1cbac27 -> 
  custom:video-encoder-webm-vp8: eb34c28f22e8b96e1ab97ce403110664 -> 
  custom:video-decoder-webm-vp8: 9c59270c3fd7afecdb556c50c9e8de78 -> 
  custom:audio-decoder-ogg-vorbis: bf7c407c2cedff20999df2af8eb42d56 -> 
  custom:audio-encoder-webm-vorbis: bf7c407c2cedff20999df2af8eb42d56 -> 
========================================================================
Received Import Request.
  Time since last request: 339.797180 seconds.
  path: Assets/Scenes/Game
  artifactKey: Guid(8265baa257c726e40ab76114f629b764) Importer(815301076,1909f56bfc062723c751e8b465ee728b)
Start importing Assets/Scenes/Game using Guid(8265baa257c726e40ab76114f629b764) Importer(815301076,1909f56bfc062723c751e8b465ee728b)  -> (artifact id: '87b7e1353a422249e19454edde57c454') in 0.020258 seconds 
  Import took 0.028974 seconds .

========================================================================
Received Import Request.
  Time since last request: 0.056307 seconds.
  path: Assets/Scenes/Game/Global Volume Profile 1.asset
  artifactKey: Guid(6dae61a58dd93134b967f67d7523a71c) Importer(815301076,1909f56bfc062723c751e8b465ee728b)
Start importing Assets/Scenes/Game/Global Volume Profile 1.asset using Guid(6dae61a58dd93134b967f67d7523a71c) Importer(815301076,1909f56bfc062723c751e8b465ee728b)  -> (artifact id: '53e67af543e5c132501ba950db817ad3') in 0.023195 seconds 
  Import took 0.031032 seconds .

========================================================================
Received Import Request.
  Time since last request: 0.000273 seconds.
  path: Assets/Scenes/Game/Global Volume Profile.asset
  artifactKey: Guid(92c038372a3bc6544a6b1e59b4783c3a) Importer(815301076,1909f56bfc062723c751e8b465ee728b)
Start importing Assets/Scenes/Game/Global Volume Profile.asset using Guid(92c038372a3bc6544a6b1e59b4783c3a) Importer(815301076,1909f56bfc062723c751e8b465ee728b)  -> (artifact id: '696889623ee1bbe9dea263fcf0263f37') in 0.021899 seconds 
  Import took 0.030027 seconds .

========================================================================
Received Import Request.
  Time since last request: 0.000260 seconds.
  path: Assets/Scenes/Game/Global Volume Profile 2.asset
  artifactKey: Guid(f9463aab2d20a094ca38ab6f5b5c8bbc) Importer(815301076,1909f56bfc062723c751e8b465ee728b)
Start importing Assets/Scenes/Game/Global Volume Profile 2.asset using Guid(f9463aab2d20a094ca38ab6f5b5c8bbc) Importer(815301076,1909f56bfc062723c751e8b465ee728b)  -> (artifact id: '981249784aad577a27066f5cf198886d') in 0.010807 seconds 
  Import took 0.018776 seconds .

========================================================================
Received Import Request.
  Time since last request: 4.762921 seconds.
  path: Assets/Scenes/WorldCreate.unity
  artifactKey: Guid(f0bff9c98cf4f3542ada90e60bf4003c) Importer(815301076,1909f56bfc062723c751e8b465ee728b)
Start importing Assets/Scenes/WorldCreate.unity using Guid(f0bff9c98cf4f3542ada90e60bf4003c) Importer(815301076,1909f56bfc062723c751e8b465ee728b)  -> (artifact id: 'd6a29208344bb312d1782bccd37a304b') in 0.011457 seconds 
  Import took 0.018738 seconds .

========================================================================
Received Import Request.
  Time since last request: 49.100257 seconds.
  path: Assets/Helpers
  artifactKey: Guid(f68de0f49b140544d8f959c280d83b16) Importer(815301076,1909f56bfc062723c751e8b465ee728b)
Start importing Assets/Helpers using Guid(f68de0f49b140544d8f959c280d83b16) Importer(815301076,1909f56bfc062723c751e8b465ee728b)  -> (artifact id: '387dc87cbdd7baff5084999bd30348cb') in 0.012290 seconds 
  Import took 0.020154 seconds .

========================================================================
Received Import Request.
  Time since last request: 3.007961 seconds.
  path: Assets/Helpers/SavingWorldHelper.cs
  artifactKey: Guid(597d9e86fce9967408a08f856e091d71) Importer(815301076,1909f56bfc062723c751e8b465ee728b)
Start importing Assets/Helpers/SavingWorldHelper.cs using Guid(597d9e86fce9967408a08f856e091d71) Importer(815301076,1909f56bfc062723c751e8b465ee728b)  -> (artifact id: '5bd0cafd9ea574355bdf948879b2b9e4') in 0.019751 seconds 
  Import took 0.026815 seconds .

========================================================================
Received Prepare
Registering precompiled user dll's ...
Registered in 0.015123 seconds.
Begin MonoManager ReloadAssembly
Native extension for WindowsStandalone target not found
Refreshing native plugins compatible for Editor in 1.37 ms, found 2 plugins.
Preloading 0 native plugins for Editor in 0.00 ms.
Mono: successfully reloaded assembly
- Completed reload, in  1.813 seconds
Domain Reload Profiling:
	ReloadAssembly (1814ms)
		BeginReloadAssembly (162ms)
			ExecutionOrderSort (0ms)
			DisableScriptedObjects (9ms)
			BackupInstance (0ms)
			ReleaseScriptingObjects (0ms)
			CreateAndSetChildDomain (48ms)
		EndReloadAssembly (1519ms)
			LoadAssemblies (162ms)
			RebuildTransferFunctionScriptingTraits (0ms)
			SetupTypeCache (478ms)
			ReleaseScriptCaches (2ms)
			RebuildScriptCaches (100ms)
			SetupLoadedEditorAssemblies (569ms)
				LogAssemblyErrors (0ms)
				InitializePlatformSupportModulesInManaged (6ms)
				SetLoadedEditorAssemblies (1ms)
				RefreshPlugins (1ms)
				BeforeProcessingInitializeOnLoad (146ms)
				ProcessInitializeOnLoadAttributes (342ms)
				ProcessInitializeOnLoadMethodAttributes (61ms)
				AfterProcessingInitializeOnLoad (11ms)
				EditorAssembliesLoaded (0ms)
			ExecutionOrderSort2 (0ms)
			AwakeInstancesAfterBackupRestoration (15ms)
Platform modules already initialized, skipping
Refreshing native plugins compatible for Editor in 1.39 ms, found 2 plugins.
Preloading 0 native plugins for Editor in 0.00 ms.
Unloading 3678 Unused Serialized files (Serialized files now loaded: 0)
System memory in use before: 153.7 MB.
System memory in use after: 153.9 MB.

Unloading 56 unused Assets to reduce memory usage. Loaded Objects now: 4242.
Total: 8.547800 ms (FindLiveObjects: 0.340800 ms CreateObjectMapping: 0.161200 ms MarkObjects: 7.990400 ms  DeleteObjects: 0.054000 ms)

AssetImportParameters requested are different than current active one (requested -> active):
  custom:framework-win-MediaFoundation: 216162199b28c13a410421893ffa2e32 -> 
  custom:video-decoder-ogg-theora: a1e56fd34408186e4bbccfd4996cb3dc -> 
  custom:container-muxer-webm: aa71ff27fc2769a1b78a27578f13a17b -> 
  custom:container-demuxer-webm: 4f35f7cbe854078d1ac9338744f61a02 -> 
  custom:container-demuxer-ogg: 62fdf1f143b41e24485cea50d1cbac27 -> 
  custom:video-encoder-webm-vp8: eb34c28f22e8b96e1ab97ce403110664 -> 
  custom:video-decoder-webm-vp8: 9c59270c3fd7afecdb556c50c9e8de78 -> 
  custom:audio-decoder-ogg-vorbis: bf7c407c2cedff20999df2af8eb42d56 -> 
  custom:audio-encoder-webm-vorbis: bf7c407c2cedff20999df2af8eb42d56 -> 
========================================================================
Received Import Request.
  Time since last request: 15.142509 seconds.
  path: Assets/Helpers/TileMapHelper.cs
  artifactKey: Guid(d6dc83a8f24ecf1409d34e811a5d44a0) Importer(815301076,1909f56bfc062723c751e8b465ee728b)
Start importing Assets/Helpers/TileMapHelper.cs using Guid(d6dc83a8f24ecf1409d34e811a5d44a0) Importer(815301076,1909f56bfc062723c751e8b465ee728b)  -> (artifact id: 'a02aa4565787d57136febe1549d45423') in 0.014233 seconds 
  Import took 0.021241 seconds .

========================================================================
Received Import Request.
  Time since last request: 0.000432 seconds.
  path: Assets/Helpers/TileHelpersConverter.cs
  artifactKey: Guid(d681a2b466f42b3449572d1b35ce8790) Importer(815301076,1909f56bfc062723c751e8b465ee728b)
Start importing Assets/Helpers/TileHelpersConverter.cs using Guid(d681a2b466f42b3449572d1b35ce8790) Importer(815301076,1909f56bfc062723c751e8b465ee728b)  -> (artifact id: 'bebb2b627c159e14a6cd9ccd40556cf7') in 0.012311 seconds 
  Import took 0.019779 seconds .

========================================================================
Received Import Request.
  Time since last request: 0.416614 seconds.
  path: Assets/Helpers/TileObjectHelper.cs
  artifactKey: Guid(e0499e82b90a2a843bf5f98907933745) Importer(815301076,1909f56bfc062723c751e8b465ee728b)
Start importing Assets/Helpers/TileObjectHelper.cs using Guid(e0499e82b90a2a843bf5f98907933745) Importer(815301076,1909f56bfc062723c751e8b465ee728b)  -> (artifact id: '72a068f418c22623bca1da3dda60f9e4') in 0.011348 seconds 
  Import took 0.020258 seconds .

========================================================================
Received Import Request.
  Time since last request: 1.083551 seconds.
  path: Assets/Helpers/Vector3Helper.cs
  artifactKey: Guid(73e30b8ca00843a4bb3c225174354e2b) Importer(815301076,1909f56bfc062723c751e8b465ee728b)
Start importing Assets/Helpers/Vector3Helper.cs using Guid(73e30b8ca00843a4bb3c225174354e2b) Importer(815301076,1909f56bfc062723c751e8b465ee728b)  -> (artifact id: '6eb998bfbffe301e6fd940710feea161') in 0.012447 seconds 
  Import took 0.020021 seconds .

AssetImportWorkerClient::OnTransportError - code=2 error=End of file
